0 info it worked if it ends with ok
1 verbose cli [ 'node', '/usr/local/bin/npm', 'install' ]
2 info using npm@1.4.28
3 info using node@v0.10.35
4 verbose readDependencies using package.json deps
5 verbose install where, deps [ '/Users/siyudu/workspace/Github/dinnerplanner-Lab5',
5 verbose install   [ 'http-server', 'bower' ] ]
6 info preinstall dinner-planner@0.0.0
7 verbose readDependencies using package.json deps
8 verbose already installed skipping http-server@^0.6.1 /Users/siyudu/workspace/Github/dinnerplanner-Lab5
9 verbose already installed skipping bower@^1.3.1 /Users/siyudu/workspace/Github/dinnerplanner-Lab5
10 silly resolved []
11 info build /Users/siyudu/workspace/Github/dinnerplanner-Lab5
12 verbose linkStuff [ false, false, false, '/Users/siyudu/workspace/Github' ]
13 info linkStuff dinner-planner@0.0.0
14 verbose linkBins dinner-planner@0.0.0
15 verbose linkMans dinner-planner@0.0.0
16 verbose rebuildBundles dinner-planner@0.0.0
17 verbose rebuildBundles [ '.bin', 'bower', 'http-server' ]
18 info install dinner-planner@0.0.0
19 info postinstall dinner-planner@0.0.0
20 verbose unsafe-perm in lifecycle true
21 info dinner-planner@0.0.0 Failed to exec postinstall script
22 error dinner-planner@0.0.0 postinstall: `bower install`
22 error Exit status 1
23 error Failed at the dinner-planner@0.0.0 postinstall script.
23 error This is most likely a problem with the dinner-planner package,
23 error not with npm itself.
23 error Tell the author that this fails on your system:
23 error     bower install
23 error You can get their info via:
23 error     npm owner ls dinner-planner
23 error There is likely additional logging output above.
24 error System Darwin 14.3.0
25 error command "node" "/usr/local/bin/npm" "install"
26 error cwd /Users/siyudu/workspace/Github/dinnerplanner-Lab5
27 error node -v v0.10.35
28 error npm -v 1.4.28
29 error code ELIFECYCLE
30 verbose exit [ 1, true ]
